<?xml version="1.0" encoding="UTF-8"?>
<testsuite name="Encode_N_Decode_CorrectlyTest" tests="2" skipped="0" failures="0" errors="0" timestamp="2025-12-29T18:29:37.893Z" hostname="DESKTOP-8C447QA" time="20.392">
  <properties/>
  <testcase name="testCorrectness" classname="Encode_N_Decode_CorrectlyTest" time="18.8"/>
  <testcase name="testEncodeNDecode4AutoGenGrammars" classname="Encode_N_Decode_CorrectlyTest" time="1.592"/>
  <system-out><![CDATA[ggggugauggccuaccaagcgacaacggguagccggccugagagggcgaccggccacacugggacugagacacgucccagacuccuacgggaggcagcaguggggaauauugcacaaugggcgcaagccugaugcagcgacgccgcgugagggaugacggccuucggguuguaaaccucuuucagcagggacgaagcgaaagugacgguaccugcugaggaagcgccggccaacuacgugccagcagccgugguaagagggccggcgcgagcguuguccggauuuauugggcguaaagagcucguaggcggcuuguugcgucggcugugaaaacccauggcucaaccgugggcuugcagccgauacgggcaggcuagaguucgguaggggagacuggaauuccugguguagcggugaaaugcgcagauaucaggaggaccaccgguggcgaaggccggucucugugccgauacugacgcugaggagcgaaagcguggggagcgaacaagauuagauaccuugguaguccacgcuguaaacguugggcgcuag 
(((.......)))..................((((((((....))))...))))....((((((..........)))))).((((....))))................(.(((...(((((....))))).))))............((((......((((....)))).....)))).(.(((((((...(..((....))..)....))))))..))..((((((((...(((((.....((.))))).......))))))))))...............................((((.(.(((.(((((((.(((((((((((....(((((((.....)))))))..)))))))))..)))))))))...(((((((((..(((((((((..((((((((...(((......)))......))))))))..))....(..((....)))))))))).)))))).)))...))))..))))....((((((...((...((((.........))))...))))))))...................

GGGAGGUUGGUGGUGGACGAGCCACUCGCCAACCGGGUCAGGUCCGGAAGGAAGCAGCCCUAACGAGCCAGGCACGGGUCGCCGUGCCAGCCUCCCACCUUUU 
((((((((((((((((.((.(((.((((......((((....(((....)))....))))...))))...))).).).)))))))..))))))))).......

GGGGGCGAAAUAGGAUCGACAAGGGCGUAAAGAUCGAACUUUUGCUCGGCAUGAUACCGCCGUUAUCGGGUCACAAGUGUAGUUGCAAAUGACAACAACGCUAAGGAAUACGCUCUCGCUGCCUAAUGGCGGUGCGGGAAUUCCGCUCUAAGUCCUUACGGUUAGCCCCGUAAGGCGGGGUUCGGAGGUACCUGGCAACAGAAACCUCCACCUGCCGGGGCAACCCGGCUAUGGCGAUAAACGGUCGGUGUAAUAAACCUAUUGGACCCGGGGGCGGUACCCGGCGCCUCCACCA 
(((((((............((((((.......((((.(((.(((((......(((.(((.......))))))....................................(.(..(.((((((.....)))))).)..)).................((((((......)))))).((.((((........)))).)).................((((((....))))))...))))).....)))))))........))).)))...(((((.......))))))))))))....

GGGGGUGCACUGGCUUCGACGGGGGUCGCAAAAUCGCUUGGCGCAUGCCGAGGGGUAGCUUUCCUCGUAAAACAGCUGCAAAACUCUAGUUGCCAACGACGACAACUACGCUCUCGCCGCUUAAGGCGUAAGCCCCGAAACUGCUUGUGUCCGUGCUCGCAGCGUAGGGUCACUAUCACGGAAUCGCCGGGAGCGGCCGCCUGCCAGCUCCCGUUCAACCUAUAGCAGGCUGGUCCUUGGAUGCGCUUCGCGCGCCGUGCUGUCCCGGGACGAGAUCUAACGGAGCGCUAAGCAUGUAGUGCCGGGGAUGGAGUGCCUUCGGACGGCGGUUCGAUUCCGCCCACCUCCACCA 
(((((((............(((((..((.....((.((((((((((((......((((((.............))))))..............................((.(..((.(.....................).))..).)).....((((..((((.((.......)))))....)..)))).......(((.(((......................))).)))....(..(..(.(.(((.....)))..).)...)..)....................))))))...)))))))).....)).)))))...(((((.......))))))))))))....

cgauggg 
((.))..

gg 
..

GRAMMAR IS: grammar-2NTs-6rules-6526: {
  A0 → <A|(> A1 <A|)>,
  A0 → <A|(> A1 <C|)>,
  A0 → <A|(> A1 <G|)>,
  A0 → <A|(> A1 <U|)>,
  A0 → <A|.>,
  A0 → <C|(> A1 <A|)>,
  A0 → <C|(> A1 <C|)>,
  A0 → <C|(> A1 <G|)>,
  A0 → <C|(> A1 <U|)>,
  A0 → <C|.>,
  A0 → <G|(> A1 <A|)>,
  A0 → <G|(> A1 <C|)>,
  A0 → <G|(> A1 <G|)>,
  A0 → <G|(> A1 <U|)>,
  A0 → <G|.>,
  A0 → <U|(> A1 <A|)>,
  A0 → <U|(> A1 <C|)>,
  A0 → <U|(> A1 <G|)>,
  A0 → <U|(> A1 <U|)>,
  A0 → <U|.>,
  A1 → <A|(> A1 <A|)>,
  A1 → <A|(> A1 <C|)>,
  A1 → <A|(> A1 <G|)>,
  A1 → <A|(> A1 <U|)>,
  A1 → <A|.>,
  A1 → <C|(> A1 <A|)>,
  A1 → <C|(> A1 <C|)>,
  A1 → <C|(> A1 <G|)>,
  A1 → <C|(> A1 <U|)>,
  A1 → <C|.>,
  A1 → <G|(> A1 <A|)>,
  A1 → <G|(> A1 <C|)>,
  A1 → <G|(> A1 <G|)>,
  A1 → <G|(> A1 <U|)>,
  A1 → <G|.>,
  A1 → <U|(> A1 <A|)>,
  A1 → <U|(> A1 <C|)>,
  A1 → <U|(> A1 <G|)>,
  A1 → <U|(> A1 <U|)>,
  A1 → <U|.>,
  A1 → A0,
  A1 → A1 A0
  start symbol: A1
}
0111100111100111100111100111100110010011000100111110101100111100110010111010110000101000001000001111101000101110010010101111011001110010110000011101011101111110001101000001010010010101101111011101011111010001110100101100110100100011110111
GRAMMAR IS: grammar-2NTs-5rules-2599: {
  A0 → <A|(> A1 <A|)>,
  A0 → <A|(> A1 <C|)>,
  A0 → <A|(> A1 <G|)>,
  A0 → <A|(> A1 <U|)>,
  A0 → <A|.>,
  A0 → <C|(> A1 <A|)>,
  A0 → <C|(> A1 <C|)>,
  A0 → <C|(> A1 <G|)>,
  A0 → <C|(> A1 <U|)>,
  A0 → <C|.>,
  A0 → <G|(> A1 <A|)>,
  A0 → <G|(> A1 <C|)>,
  A0 → <G|(> A1 <G|)>,
  A0 → <G|(> A1 <U|)>,
  A0 → <G|.>,
  A0 → <U|(> A1 <A|)>,
  A0 → <U|(> A1 <C|)>,
  A0 → <U|(> A1 <G|)>,
  A0 → <U|(> A1 <U|)>,
  A0 → <U|.>,
  A1 → <A|(> A1 <A|)>,
  A1 → <A|(> A1 <C|)>,
  A1 → <A|(> A1 <G|)>,
  A1 → <A|(> A1 <U|)>,
  A1 → <C|(> A1 <A|)>,
  A1 → <C|(> A1 <C|)>,
  A1 → <C|(> A1 <G|)>,
  A1 → <C|(> A1 <U|)>,
  A1 → <G|(> A1 <A|)>,
  A1 → <G|(> A1 <C|)>,
  A1 → <G|(> A1 <G|)>,
  A1 → <G|(> A1 <U|)>,
  A1 → <U|(> A1 <A|)>,
  A1 → <U|(> A1 <C|)>,
  A1 → <U|(> A1 <G|)>,
  A1 → <U|(> A1 <U|)>,
  A1 → A0,
  A1 → A1 A0
  start symbol: A1
}
1000011100000100011111011011110001000101010000000100111000011110011100100010110010101011101100011111011010100001100001101000011100100001100101100001011111001000111110101010110110100110001001100111001100011110010011100001111100111000001110111101010111100011001001110110001100101110100001110110000101000000010010001010000011101010000110110111111110111011000010011010100000010011
GRAMMAR IS: grammar-2NTs-6rules-6559: {
  A0 → <A|(> A1 <A|)>,
  A0 → <A|(> A1 <C|)>,
  A0 → <A|(> A1 <G|)>,
  A0 → <A|(> A1 <U|)>,
  A0 → <A|.>,
  A0 → <C|(> A1 <A|)>,
  A0 → <C|(> A1 <C|)>,
  A0 → <C|(> A1 <G|)>,
  A0 → <C|(> A1 <U|)>,
  A0 → <C|.>,
  A0 → <G|(> A1 <A|)>,
  A0 → <G|(> A1 <C|)>,
  A0 → <G|(> A1 <G|)>,
  A0 → <G|(> A1 <U|)>,
  A0 → <G|.>,
  A0 → <U|(> A1 <A|)>,
  A0 → <U|(> A1 <C|)>,
  A0 → <U|(> A1 <G|)>,
  A0 → <U|(> A1 <U|)>,
  A0 → <U|.>,
  A1 → <A|(> A1 <A|)>,
  A1 → <A|(> A1 <C|)>,
  A1 → <A|(> A1 <G|)>,
  A1 → <A|(> A1 <U|)>,
  A1 → <C|(> A1 <A|)>,
  A1 → <C|(> A1 <C|)>,
  A1 → <C|(> A1 <G|)>,
  A1 → <C|(> A1 <U|)>,
  A1 → <G|(> A1 <A|)>,
  A1 → <G|(> A1 <C|)>,
  A1 → <G|(> A1 <G|)>,
  A1 → <G|(> A1 <U|)>,
  A1 → <U|(> A1 <A|)>,
  A1 → <U|(> A1 <C|)>,
  A1 → <U|(> A1 <G|)>,
  A1 → <U|(> A1 <U|)>,
  A1 → A0,
  A1 → A0 A0,
  A1 → A0 A1
  start symbol: A1
}
011100111010110101101101101000001100010111000011011100001101001010111011010100110110111110000111000101000001101010001001110111101000011100101000100001010011000011100110011001101000000101111111001011101110001010011101010101010101111010110010111100111010111001010011101111111111010001010111110100101001111111101101000100010001001010111011010101100100000001110110001100001011
GRAMMAR IS: grammar-2NTs-5rules-2599: {
  A0 → <A|(> A1 <A|)>,
  A0 → <A|(> A1 <C|)>,
  A0 → <A|(> A1 <G|)>,
  A0 → <A|(> A1 <U|)>,
  A0 → <A|.>,
  A0 → <C|(> A1 <A|)>,
  A0 → <C|(> A1 <C|)>,
  A0 → <C|(> A1 <G|)>,
  A0 → <C|(> A1 <U|)>,
  A0 → <C|.>,
  A0 → <G|(> A1 <A|)>,
  A0 → <G|(> A1 <C|)>,
  A0 → <G|(> A1 <G|)>,
  A0 → <G|(> A1 <U|)>,
  A0 → <G|.>,
  A0 → <U|(> A1 <A|)>,
  A0 → <U|(> A1 <C|)>,
  A0 → <U|(> A1 <G|)>,
  A0 → <U|(> A1 <U|)>,
  A0 → <U|.>,
  A1 → <A|(> A1 <A|)>,
  A1 → <A|(> A1 <C|)>,
  A1 → <A|(> A1 <G|)>,
  A1 → <A|(> A1 <U|)>,
  A1 → <C|(> A1 <A|)>,
  A1 → <C|(> A1 <C|)>,
  A1 → <C|(> A1 <G|)>,
  A1 → <C|(> A1 <U|)>,
  A1 → <G|(> A1 <A|)>,
  A1 → <G|(> A1 <C|)>,
  A1 → <G|(> A1 <G|)>,
  A1 → <G|(> A1 <U|)>,
  A1 → <U|(> A1 <A|)>,
  A1 → <U|(> A1 <C|)>,
  A1 → <U|(> A1 <G|)>,
  A1 → <U|(> A1 <U|)>,
  A1 → A0,
  A1 → A1 A0
  start symbol: A1
}
100001111000011111001100101110110100111011110110011100011001011100111110110100101101110111000100000001000000100011111010011001000001100101000011110000011101000100110111000011001010000010000111110111111101011100010000110010011011110100000110101110001100100100110110110100010011111100000011100011100101010100110001001111010001010110111011100111101011001000000001000111001100100110101111001000101100110000101010011010011000101011010100010001001001000010100110101101010110011000010111101000111000101110100110010001011111000100011000001000000100100001000101001011100010111010000111011110010101000010110010111100110100010100111100001011110000101101001110010110010100000001111010100111010001111011001110101110001101100101010100010110001101011010111110010011101011110001111000010111001101000100010110101001110010001000001011110101010100101010101011110111001100100100000010100111010000010101110001100011001111000011000100001110111011111101
GRAMMAR IS: grammar-2NTs-6rules-6559: {
  A0 → <A|(> A1 <A|)>,
  A0 → <A|(> A1 <C|)>,
  A0 → <A|(> A1 <G|)>,
  A0 → <A|(> A1 <U|)>,
  A0 → <A|.>,
  A0 → <C|(> A1 <A|)>,
  A0 → <C|(> A1 <C|)>,
  A0 → <C|(> A1 <G|)>,
  A0 → <C|(> A1 <U|)>,
  A0 → <C|.>,
  A0 → <G|(> A1 <A|)>,
  A0 → <G|(> A1 <C|)>,
  A0 → <G|(> A1 <G|)>,
  A0 → <G|(> A1 <U|)>,
  A0 → <G|.>,
  A0 → <U|(> A1 <A|)>,
  A0 → <U|(> A1 <C|)>,
  A0 → <U|(> A1 <G|)>,
  A0 → <U|(> A1 <U|)>,
  A0 → <U|.>,
  A1 → <A|(> A1 <A|)>,
  A1 → <A|(> A1 <C|)>,
  A1 → <A|(> A1 <G|)>,
  A1 → <A|(> A1 <U|)>,
  A1 → <C|(> A1 <A|)>,
  A1 → <C|(> A1 <C|)>,
  A1 → <C|(> A1 <G|)>,
  A1 → <C|(> A1 <U|)>,
  A1 → <G|(> A1 <A|)>,
  A1 → <G|(> A1 <C|)>,
  A1 → <G|(> A1 <G|)>,
  A1 → <G|(> A1 <U|)>,
  A1 → <U|(> A1 <A|)>,
  A1 → <U|(> A1 <C|)>,
  A1 → <U|(> A1 <G|)>,
  A1 → <U|(> A1 <U|)>,
  A1 → A0,
  A1 → A0 A0,
  A1 → A0 A1
  start symbol: A1
}
01110011101011010110110110100000110001011100001101110000110100101011101101010011011011111000011100010100000110101000100111100011101100011001000010001011010001010000111101111110100101010101100110110010110101010101001011110101111101101001110000001010011111111101010101101111110110010101001110000111011110110110110100010110011110001100010011100010000010100010010001001100
GRAMMAR IS: grammar-2NTs-5rules-2574: {
  A0 → <A|(> A1 <A|)>,
  A0 → <A|(> A1 <C|)>,
  A0 → <A|(> A1 <G|)>,
  A0 → <A|(> A1 <U|)>,
  A0 → <A|.>,
  A0 → <C|(> A1 <A|)>,
  A0 → <C|(> A1 <C|)>,
  A0 → <C|(> A1 <G|)>,
  A0 → <C|(> A1 <U|)>,
  A0 → <C|.>,
  A0 → <G|(> A1 <A|)>,
  A0 → <G|(> A1 <C|)>,
  A0 → <G|(> A1 <G|)>,
  A0 → <G|(> A1 <U|)>,
  A0 → <G|.>,
  A0 → <U|(> A1 <A|)>,
  A0 → <U|(> A1 <C|)>,
  A0 → <U|(> A1 <G|)>,
  A0 → <U|(> A1 <U|)>,
  A0 → <U|.>,
  A1 → <A|(> A1 <A|)>,
  A1 → <A|(> A1 <C|)>,
  A1 → <A|(> A1 <G|)>,
  A1 → <A|(> A1 <U|)>,
  A1 → <A|.>,
  A1 → <C|(> A1 <A|)>,
  A1 → <C|(> A1 <C|)>,
  A1 → <C|(> A1 <G|)>,
  A1 → <C|(> A1 <U|)>,
  A1 → <C|.>,
  A1 → <G|(> A1 <A|)>,
  A1 → <G|(> A1 <C|)>,
  A1 → <G|(> A1 <G|)>,
  A1 → <G|(> A1 <U|)>,
  A1 → <G|.>,
  A1 → <U|(> A1 <A|)>,
  A1 → <U|(> A1 <C|)>,
  A1 → <U|(> A1 <G|)>,
  A1 → <U|(> A1 <U|)>,
  A1 → <U|.>,
  A1 → A1 A0
  start symbol: A1
}
0111101111101000101010101110010011110010111011000011000110000111111001001101100001110000110101000011011110011111111100111001100101010111011000111101000011100011010010010111000010011011100000101111001001001011011000010110011001101001101111011110100111110110110010101000101110011101011100011100111101010101001110111101101100000010100011010000011000001010011000111011100101
GRAMMAR IS: grammar-2NTs-6rules-6562: {
  A0 → <A|(> A1 <A|)>,
  A0 → <A|(> A1 <C|)>,
  A0 → <A|(> A1 <G|)>,
  A0 → <A|(> A1 <U|)>,
  A0 → <A|.>,
  A0 → <C|(> A1 <A|)>,
  A0 → <C|(> A1 <C|)>,
  A0 → <C|(> A1 <G|)>,
  A0 → <C|(> A1 <U|)>,
  A0 → <C|.>,
  A0 → <G|(> A1 <A|)>,
  A0 → <G|(> A1 <C|)>,
  A0 → <G|(> A1 <G|)>,
  A0 → <G|(> A1 <U|)>,
  A0 → <G|.>,
  A0 → <U|(> A1 <A|)>,
  A0 → <U|(> A1 <C|)>,
  A0 → <U|(> A1 <G|)>,
  A0 → <U|(> A1 <U|)>,
  A0 → <U|.>,
  A1 → <A|(> A1 <A|)>,
  A1 → <A|(> A1 <C|)>,
  A1 → <A|(> A1 <G|)>,
  A1 → <A|(> A1 <U|)>,
  A1 → <C|(> A1 <A|)>,
  A1 → <C|(> A1 <C|)>,
  A1 → <C|(> A1 <G|)>,
  A1 → <C|(> A1 <U|)>,
  A1 → <G|(> A1 <A|)>,
  A1 → <G|(> A1 <C|)>,
  A1 → <G|(> A1 <G|)>,
  A1 → <G|(> A1 <U|)>,
  A1 → <U|(> A1 <A|)>,
  A1 → <U|(> A1 <C|)>,
  A1 → <U|(> A1 <G|)>,
  A1 → <U|(> A1 <U|)>,
  A1 → A0,
  A1 → A0 A0,
  A1 → A1 A0
  start symbol: A1
}
1000111000111000100000110100011110111101100001001100101111011100000110000111000011000010011110001010000011111000000111000110100011111000110111011000010100001011100110100100111000000011101001100010000110001010101111100100001001000001001111010001100001010110000101110000111101010101000000110000010101100011001001001101000111100011100110011110011011111111001000011100100110010101000010010010111110110101110010000100010001001100001000111000001100101100110000101010001100001010010010001000100011010101111001010110000101010011100110010110000111111111000011011111011001000111110000000011100011000110001001010100101011110101010101110101000110011101101100000100110100000000000000110100100001101110000010001111000000011100000010110011111111100110011111000000010110001000010101010010000010110100001111110110001101100100100110111100110101100001001011011011100100001101001000111111100000100111001011111110011111010101100101000110111010000111000101110011
GRAMMAR IS: grammar-2NTs-7rules-10816: {
  A0 → <A|(> A0 <A|)>,
  A0 → <A|(> A0 <C|)>,
  A0 → <A|(> A0 <G|)>,
  A0 → <A|(> A0 <U|)>,
  A0 → <A|(> A1 <A|)>,
  A0 → <A|(> A1 <C|)>,
  A0 → <A|(> A1 <G|)>,
  A0 → <A|(> A1 <U|)>,
  A0 → <A|.>,
  A0 → <C|(> A0 <A|)>,
  A0 → <C|(> A0 <C|)>,
  A0 → <C|(> A0 <G|)>,
  A0 → <C|(> A0 <U|)>,
  A0 → <C|(> A1 <A|)>,
  A0 → <C|(> A1 <C|)>,
  A0 → <C|(> A1 <G|)>,
  A0 → <C|(> A1 <U|)>,
  A0 → <C|.>,
  A0 → <G|(> A0 <A|)>,
  A0 → <G|(> A0 <C|)>,
  A0 → <G|(> A0 <G|)>,
  A0 → <G|(> A0 <U|)>,
  A0 → <G|(> A1 <A|)>,
  A0 → <G|(> A1 <C|)>,
  A0 → <G|(> A1 <G|)>,
  A0 → <G|(> A1 <U|)>,
  A0 → <G|.>,
  A0 → <U|(> A0 <A|)>,
  A0 → <U|(> A0 <C|)>,
  A0 → <U|(> A0 <G|)>,
  A0 → <U|(> A0 <U|)>,
  A0 → <U|(> A1 <A|)>,
  A0 → <U|(> A1 <C|)>,
  A0 → <U|(> A1 <G|)>,
  A0 → <U|(> A1 <U|)>,
  A0 → <U|.>,
  A1 → <A|(> A1 <A|)>,
  A1 → <A|(> A1 <C|)>,
  A1 → <A|(> A1 <G|)>,
  A1 → <A|(> A1 <U|)>,
  A1 → <A|.>,
  A1 → <C|(> A1 <A|)>,
  A1 → <C|(> A1 <C|)>,
  A1 → <C|(> A1 <G|)>,
  A1 → <C|(> A1 <U|)>,
  A1 → <C|.>,
  A1 → <G|(> A1 <A|)>,
  A1 → <G|(> A1 <C|)>,
  A1 → <G|(> A1 <G|)>,
  A1 → <G|(> A1 <U|)>,
  A1 → <G|.>,
  A1 → <U|(> A1 <A|)>,
  A1 → <U|(> A1 <C|)>,
  A1 → <U|(> A1 <G|)>,
  A1 → <U|(> A1 <U|)>,
  A1 → <U|.>,
  A1 → A0,
  A1 → A1 A0
  start symbol: A1
}
0111100111100111100111100111100110010011000100111110100100000110001011011100101000010000111001100111101010101001101010110011110000000000011110100110001001011111011010010111101100101101111101010010100110
GRAMMAR IS: grammar-2NTs-7rules-12616: {
  A0 → <A|(> A1 <A|)>,
  A0 → <A|(> A1 <C|)>,
  A0 → <A|(> A1 <G|)>,
  A0 → <A|(> A1 <U|)>,
  A0 → <A|.>,
  A0 → <C|(> A1 <A|)>,
  A0 → <C|(> A1 <C|)>,
  A0 → <C|(> A1 <G|)>,
  A0 → <C|(> A1 <U|)>,
  A0 → <C|.>,
  A0 → <G|(> A1 <A|)>,
  A0 → <G|(> A1 <C|)>,
  A0 → <G|(> A1 <G|)>,
  A0 → <G|(> A1 <U|)>,
  A0 → <G|.>,
  A0 → <U|(> A1 <A|)>,
  A0 → <U|(> A1 <C|)>,
  A0 → <U|(> A1 <G|)>,
  A0 → <U|(> A1 <U|)>,
  A0 → <U|.>,
  A1 → <A|(> A1 <A|)>,
  A1 → <A|(> A1 <C|)>,
  A1 → <A|(> A1 <G|)>,
  A1 → <A|(> A1 <U|)>,
  A1 → <C|(> A1 <A|)>,
  A1 → <C|(> A1 <C|)>,
  A1 → <C|(> A1 <G|)>,
  A1 → <C|(> A1 <U|)>,
  A1 → <G|(> A1 <A|)>,
  A1 → <G|(> A1 <C|)>,
  A1 → <G|(> A1 <G|)>,
  A1 → <G|(> A1 <U|)>,
  A1 → <U|(> A1 <A|)>,
  A1 → <U|(> A1 <C|)>,
  A1 → <U|(> A1 <G|)>,
  A1 → <U|(> A1 <U|)>,
  A1 → A0,
  A1 → A0 A0,
  A1 → A0 A1,
  A1 → A1 A0
  start symbol: A1
}
0111011101011011001110111001101011100001001001100111111000110001101000111101111010000010010111101010001100111110010111100110110101011110100000101010010110100011011110011001110111010
GRAMMAR IS: grammar-2NTs-6rules-5316: {
  A0 → <A|(> A0 <A|)>,
  A0 → <A|(> A0 <C|)>,
  A0 → <A|(> A0 <G|)>,
  A0 → <A|(> A0 <U|)>,
  A0 → <A|(> A1 <A|)>,
  A0 → <A|(> A1 <C|)>,
  A0 → <A|(> A1 <G|)>,
  A0 → <A|(> A1 <U|)>,
  A0 → <A|.>,
  A0 → <C|(> A0 <A|)>,
  A0 → <C|(> A0 <C|)>,
  A0 → <C|(> A0 <G|)>,
  A0 → <C|(> A0 <U|)>,
  A0 → <C|(> A1 <A|)>,
  A0 → <C|(> A1 <C|)>,
  A0 → <C|(> A1 <G|)>,
  A0 → <C|(> A1 <U|)>,
  A0 → <C|.>,
  A0 → <G|(> A0 <A|)>,
  A0 → <G|(> A0 <C|)>,
  A0 → <G|(> A0 <G|)>,
  A0 → <G|(> A0 <U|)>,
  A0 → <G|(> A1 <A|)>,
  A0 → <G|(> A1 <C|)>,
  A0 → <G|(> A1 <G|)>,
  A0 → <G|(> A1 <U|)>,
  A0 → <G|.>,
  A0 → <U|(> A0 <A|)>,
  A0 → <U|(> A0 <C|)>,
  A0 → <U|(> A0 <G|)>,
  A0 → <U|(> A0 <U|)>,
  A0 → <U|(> A1 <A|)>,
  A0 → <U|(> A1 <C|)>,
  A0 → <U|(> A1 <G|)>,
  A0 → <U|(> A1 <U|)>,
  A0 → <U|.>,
  A1 → <A|(> A1 <A|)>,
  A1 → <A|(> A1 <C|)>,
  A1 → <A|(> A1 <G|)>,
  A1 → <A|(> A1 <U|)>,
  A1 → <C|(> A1 <A|)>,
  A1 → <C|(> A1 <C|)>,
  A1 → <C|(> A1 <G|)>,
  A1 → <C|(> A1 <U|)>,
  A1 → <G|(> A1 <A|)>,
  A1 → <G|(> A1 <C|)>,
  A1 → <G|(> A1 <G|)>,
  A1 → <G|(> A1 <U|)>,
  A1 → <U|(> A1 <A|)>,
  A1 → <U|(> A1 <C|)>,
  A1 → <U|(> A1 <G|)>,
  A1 → <U|(> A1 <U|)>,
  A1 → A0,
  A1 → A1 A0
  start symbol: A1
}
0011010000110010111000000111100001000100011111010110010100000110000111001000011000111101010001011111011110110011101110100011100001100010100110011010100110111110001011010001100010011100101000000101001011110111100011111110111101010101010010111001001011011101101000101101001000000100001111010011010011111001111011101000100110010000000111011000000110101100011100011100101001111000110000101101011
GRAMMAR IS: grammar-2NTs-7rules-12616: {
  A0 → <A|(> A1 <A|)>,
  A0 → <A|(> A1 <C|)>,
  A0 → <A|(> A1 <G|)>,
  A0 → <A|(> A1 <U|)>,
  A0 → <A|.>,
  A0 → <C|(> A1 <A|)>,
  A0 → <C|(> A1 <C|)>,
  A0 → <C|(> A1 <G|)>,
  A0 → <C|(> A1 <U|)>,
  A0 → <C|.>,
  A0 → <G|(> A1 <A|)>,
  A0 → <G|(> A1 <C|)>,
  A0 → <G|(> A1 <G|)>,
  A0 → <G|(> A1 <U|)>,
  A0 → <G|.>,
  A0 → <U|(> A1 <A|)>,
  A0 → <U|(> A1 <C|)>,
  A0 → <U|(> A1 <G|)>,
  A0 → <U|(> A1 <U|)>,
  A0 → <U|.>,
  A1 → <A|(> A1 <A|)>,
  A1 → <A|(> A1 <C|)>,
  A1 → <A|(> A1 <G|)>,
  A1 → <A|(> A1 <U|)>,
  A1 → <C|(> A1 <A|)>,
  A1 → <C|(> A1 <C|)>,
  A1 → <C|(> A1 <G|)>,
  A1 → <C|(> A1 <U|)>,
  A1 → <G|(> A1 <A|)>,
  A1 → <G|(> A1 <C|)>,
  A1 → <G|(> A1 <G|)>,
  A1 → <G|(> A1 <U|)>,
  A1 → <U|(> A1 <A|)>,
  A1 → <U|(> A1 <C|)>,
  A1 → <U|(> A1 <G|)>,
  A1 → <U|(> A1 <U|)>,
  A1 → A0,
  A1 → A0 A0,
  A1 → A0 A1,
  A1 → A1 A0
  start symbol: A1
}
001101010111001100011100000000010010001000101010111101111010001110000001100001100000000101100110111010001001100110111100111110101111000101010101000100110011010011011101110001110100101001110010011111000110001110100100111100110111110111001111010100110101010101010011101000011101110011101000001010010000110010010011100111001010110010101001001010101101011001010010011100001001011001
GRAMMAR IS: grammar-2NTs-6rules-5316: {
  A0 → <A|(> A0 <A|)>,
  A0 → <A|(> A0 <C|)>,
  A0 → <A|(> A0 <G|)>,
  A0 → <A|(> A0 <U|)>,
  A0 → <A|(> A1 <A|)>,
  A0 → <A|(> A1 <C|)>,
  A0 → <A|(> A1 <G|)>,
  A0 → <A|(> A1 <U|)>,
  A0 → <A|.>,
  A0 → <C|(> A0 <A|)>,
  A0 → <C|(> A0 <C|)>,
  A0 → <C|(> A0 <G|)>,
  A0 → <C|(> A0 <U|)>,
  A0 → <C|(> A1 <A|)>,
  A0 → <C|(> A1 <C|)>,
  A0 → <C|(> A1 <G|)>,
  A0 → <C|(> A1 <U|)>,
  A0 → <C|.>,
  A0 → <G|(> A0 <A|)>,
  A0 → <G|(> A0 <C|)>,
  A0 → <G|(> A0 <G|)>,
  A0 → <G|(> A0 <U|)>,
  A0 → <G|(> A1 <A|)>,
  A0 → <G|(> A1 <C|)>,
  A0 → <G|(> A1 <G|)>,
  A0 → <G|(> A1 <U|)>,
  A0 → <G|.>,
  A0 → <U|(> A0 <A|)>,
  A0 → <U|(> A0 <C|)>,
  A0 → <U|(> A0 <G|)>,
  A0 → <U|(> A0 <U|)>,
  A0 → <U|(> A1 <A|)>,
  A0 → <U|(> A1 <C|)>,
  A0 → <U|(> A1 <G|)>,
  A0 → <U|(> A1 <U|)>,
  A0 → <U|.>,
  A1 → <A|(> A1 <A|)>,
  A1 → <A|(> A1 <C|)>,
  A1 → <A|(> A1 <G|)>,
  A1 → <A|(> A1 <U|)>,
  A1 → <C|(> A1 <A|)>,
  A1 → <C|(> A1 <C|)>,
  A1 → <C|(> A1 <G|)>,
  A1 → <C|(> A1 <U|)>,
  A1 → <G|(> A1 <A|)>,
  A1 → <G|(> A1 <C|)>,
  A1 → <G|(> A1 <G|)>,
  A1 → <G|(> A1 <U|)>,
  A1 → <U|(> A1 <A|)>,
  A1 → <U|(> A1 <C|)>,
  A1 → <U|(> A1 <G|)>,
  A1 → <U|(> A1 <U|)>,
  A1 → A0,
  A1 → A1 A0
  start symbol: A1
}
0011010000110010111000000111100001000100011111010110010100000110000111001000011000111101010001011111011110110011101110100011100001100010100110011010100110111110001011010001100010011100101000000101001011110111100011111110111101010101010010111001001011011101101000101101001000000100001111010011010011111001111011101000100110010000000111011000000110101100011100011100101001111000110000101101011
GRAMMAR IS: grammar-2NTs-6rules-6562: {
  A0 → <A|(> A1 <A|)>,
  A0 → <A|(> A1 <C|)>,
  A0 → <A|(> A1 <G|)>,
  A0 → <A|(> A1 <U|)>,
  A0 → <A|.>,
  A0 → <C|(> A1 <A|)>,
  A0 → <C|(> A1 <C|)>,
  A0 → <C|(> A1 <G|)>,
  A0 → <C|(> A1 <U|)>,
  A0 → <C|.>,
  A0 → <G|(> A1 <A|)>,
  A0 → <G|(> A1 <C|)>,
  A0 → <G|(> A1 <G|)>,
  A0 → <G|(> A1 <U|)>,
  A0 → <G|.>,
  A0 → <U|(> A1 <A|)>,
  A0 → <U|(> A1 <C|)>,
  A0 → <U|(> A1 <G|)>,
  A0 → <U|(> A1 <U|)>,
  A0 → <U|.>,
  A1 → <A|(> A1 <A|)>,
  A1 → <A|(> A1 <C|)>,
  A1 → <A|(> A1 <G|)>,
  A1 → <A|(> A1 <U|)>,
  A1 → <C|(> A1 <A|)>,
  A1 → <C|(> A1 <C|)>,
  A1 → <C|(> A1 <G|)>,
  A1 → <C|(> A1 <U|)>,
  A1 → <G|(> A1 <A|)>,
  A1 → <G|(> A1 <C|)>,
  A1 → <G|(> A1 <G|)>,
  A1 → <G|(> A1 <U|)>,
  A1 → <U|(> A1 <A|)>,
  A1 → <U|(> A1 <C|)>,
  A1 → <U|(> A1 <G|)>,
  A1 → <U|(> A1 <U|)>,
  A1 → A0,
  A1 → A0 A0,
  A1 → A1 A0
  start symbol: A1
}
1000110010000101101000110111010011000100101111101101011110011011110110101010101000110110111111010010100110100000111010101101000110101110011000111011100100001111001011100011110011111100100001010001110100010001111000011111110011010110101110110100011000011101000001100010110100000010100000100111000001101011011000011011111110001011101010011100011010000101100
GRAMMAR IS: grammar-2NTs-6rules-6562: {
  A0 → <A|(> A1 <A|)>,
  A0 → <A|(> A1 <C|)>,
  A0 → <A|(> A1 <G|)>,
  A0 → <A|(> A1 <U|)>,
  A0 → <A|.>,
  A0 → <C|(> A1 <A|)>,
  A0 → <C|(> A1 <C|)>,
  A0 → <C|(> A1 <G|)>,
  A0 → <C|(> A1 <U|)>,
  A0 → <C|.>,
  A0 → <G|(> A1 <A|)>,
  A0 → <G|(> A1 <C|)>,
  A0 → <G|(> A1 <G|)>,
  A0 → <G|(> A1 <U|)>,
  A0 → <G|.>,
  A0 → <U|(> A1 <A|)>,
  A0 → <U|(> A1 <C|)>,
  A0 → <U|(> A1 <G|)>,
  A0 → <U|(> A1 <U|)>,
  A0 → <U|.>,
  A1 → <A|(> A1 <A|)>,
  A1 → <A|(> A1 <C|)>,
  A1 → <A|(> A1 <G|)>,
  A1 → <A|(> A1 <U|)>,
  A1 → <C|(> A1 <A|)>,
  A1 → <C|(> A1 <C|)>,
  A1 → <C|(> A1 <G|)>,
  A1 → <C|(> A1 <U|)>,
  A1 → <G|(> A1 <A|)>,
  A1 → <G|(> A1 <C|)>,
  A1 → <G|(> A1 <G|)>,
  A1 → <G|(> A1 <U|)>,
  A1 → <U|(> A1 <A|)>,
  A1 → <U|(> A1 <C|)>,
  A1 → <U|(> A1 <G|)>,
  A1 → <U|(> A1 <U|)>,
  A1 → A0,
  A1 → A0 A0,
  A1 → A1 A0
  start symbol: A1
}
100011001000101110011111011110001011001110010100110111111011111100111111010101111001001010010000001101101000101101110101000011110000101011000100110111000010101010101111110001100100100110100010111000000111000110001111000001100111110000000011000000100010001110111000000110111110101110011111011100000111111111111110001001111001110110010110000011000001110010101101110011000101011000100001111101101110010101101
GRAMMAR IS: grammar-2NTs-5rules-2599: {
  A0 → <A|(> A1 <A|)>,
  A0 → <A|(> A1 <C|)>,
  A0 → <A|(> A1 <G|)>,
  A0 → <A|(> A1 <U|)>,
  A0 → <A|.>,
  A0 → <C|(> A1 <A|)>,
  A0 → <C|(> A1 <C|)>,
  A0 → <C|(> A1 <G|)>,
  A0 → <C|(> A1 <U|)>,
  A0 → <C|.>,
  A0 → <G|(> A1 <A|)>,
  A0 → <G|(> A1 <C|)>,
  A0 → <G|(> A1 <G|)>,
  A0 → <G|(> A1 <U|)>,
  A0 → <G|.>,
  A0 → <U|(> A1 <A|)>,
  A0 → <U|(> A1 <C|)>,
  A0 → <U|(> A1 <G|)>,
  A0 → <U|(> A1 <U|)>,
  A0 → <U|.>,
  A1 → <A|(> A1 <A|)>,
  A1 → <A|(> A1 <C|)>,
  A1 → <A|(> A1 <G|)>,
  A1 → <A|(> A1 <U|)>,
  A1 → <C|(> A1 <A|)>,
  A1 → <C|(> A1 <C|)>,
  A1 → <C|(> A1 <G|)>,
  A1 → <C|(> A1 <U|)>,
  A1 → <G|(> A1 <A|)>,
  A1 → <G|(> A1 <C|)>,
  A1 → <G|(> A1 <G|)>,
  A1 → <G|(> A1 <U|)>,
  A1 → <U|(> A1 <A|)>,
  A1 → <U|(> A1 <C|)>,
  A1 → <U|(> A1 <G|)>,
  A1 → <U|(> A1 <U|)>,
  A1 → A0,
  A1 → A1 A0
  start symbol: A1
}
100010001001110011011010110000010010011101011101100101100110010011000101100001110100010111001100100111010001111111011100000100011000001110011100101011001100010011010110101011001011001110100001110001010010100110010000011100111001111010010001000100110001111011001100000001000000001110011001111011010011111110100001111111110001101100011100110011100111001011111010101100010000101001111011000001000110110010
GRAMMAR IS: grammar-2NTs-7rules-10816: {
  A0 → <A|(> A0 <A|)>,
  A0 → <A|(> A0 <C|)>,
  A0 → <A|(> A0 <G|)>,
  A0 → <A|(> A0 <U|)>,
  A0 → <A|(> A1 <A|)>,
  A0 → <A|(> A1 <C|)>,
  A0 → <A|(> A1 <G|)>,
  A0 → <A|(> A1 <U|)>,
  A0 → <A|.>,
  A0 → <C|(> A0 <A|)>,
  A0 → <C|(> A0 <C|)>,
  A0 → <C|(> A0 <G|)>,
  A0 → <C|(> A0 <U|)>,
  A0 → <C|(> A1 <A|)>,
  A0 → <C|(> A1 <C|)>,
  A0 → <C|(> A1 <G|)>,
  A0 → <C|(> A1 <U|)>,
  A0 → <C|.>,
  A0 → <G|(> A0 <A|)>,
  A0 → <G|(> A0 <C|)>,
  A0 → <G|(> A0 <G|)>,
  A0 → <G|(> A0 <U|)>,
  A0 → <G|(> A1 <A|)>,
  A0 → <G|(> A1 <C|)>,
  A0 → <G|(> A1 <G|)>,
  A0 → <G|(> A1 <U|)>,
  A0 → <G|.>,
  A0 → <U|(> A0 <A|)>,
  A0 → <U|(> A0 <C|)>,
  A0 → <U|(> A0 <G|)>,
  A0 → <U|(> A0 <U|)>,
  A0 → <U|(> A1 <A|)>,
  A0 → <U|(> A1 <C|)>,
  A0 → <U|(> A1 <G|)>,
  A0 → <U|(> A1 <U|)>,
  A0 → <U|.>,
  A1 → <A|(> A1 <A|)>,
  A1 → <A|(> A1 <C|)>,
  A1 → <A|(> A1 <G|)>,
  A1 → <A|(> A1 <U|)>,
  A1 → <A|.>,
  A1 → <C|(> A1 <A|)>,
  A1 → <C|(> A1 <C|)>,
  A1 → <C|(> A1 <G|)>,
  A1 → <C|(> A1 <U|)>,
  A1 → <C|.>,
  A1 → <G|(> A1 <A|)>,
  A1 → <G|(> A1 <C|)>,
  A1 → <G|(> A1 <G|)>,
  A1 → <G|(> A1 <U|)>,
  A1 → <G|.>,
  A1 → <U|(> A1 <A|)>,
  A1 → <U|(> A1 <C|)>,
  A1 → <U|(> A1 <G|)>,
  A1 → <U|(> A1 <U|)>,
  A1 → <U|.>,
  A1 → A0,
  A1 → A1 A0
  start symbol: A1
}
01111010010010011101100011010111011111100000000100110101000110110101101100110000000111001110011011110111000101010010101000110010000100111111010001110111011111010100001101001010000100100011011110010101001100100011111010010100100100001011111100111000010111100011111111011101001010111010110000110011001110011000001101111111101110011011111000011100101111101011101001011011111010110110101101100101010000
GRAMMAR IS: grammar-2NTs-6rules-6526: {
  A0 → <A|(> A1 <A|)>,
  A0 → <A|(> A1 <C|)>,
  A0 → <A|(> A1 <G|)>,
  A0 → <A|(> A1 <U|)>,
  A0 → <A|.>,
  A0 → <C|(> A1 <A|)>,
  A0 → <C|(> A1 <C|)>,
  A0 → <C|(> A1 <G|)>,
  A0 → <C|(> A1 <U|)>,
  A0 → <C|.>,
  A0 → <G|(> A1 <A|)>,
  A0 → <G|(> A1 <C|)>,
  A0 → <G|(> A1 <G|)>,
  A0 → <G|(> A1 <U|)>,
  A0 → <G|.>,
  A0 → <U|(> A1 <A|)>,
  A0 → <U|(> A1 <C|)>,
  A0 → <U|(> A1 <G|)>,
  A0 → <U|(> A1 <U|)>,
  A0 → <U|.>,
  A1 → <A|(> A1 <A|)>,
  A1 → <A|(> A1 <C|)>,
  A1 → <A|(> A1 <G|)>,
  A1 → <A|(> A1 <U|)>,
  A1 → <A|.>,
  A1 → <C|(> A1 <A|)>,
  A1 → <C|(> A1 <C|)>,
  A1 → <C|(> A1 <G|)>,
  A1 → <C|(> A1 <U|)>,
  A1 → <C|.>,
  A1 → <G|(> A1 <A|)>,
  A1 → <G|(> A1 <C|)>,
  A1 → <G|(> A1 <G|)>,
  A1 → <G|(> A1 <U|)>,
  A1 → <G|.>,
  A1 → <U|(> A1 <A|)>,
  A1 → <U|(> A1 <C|)>,
  A1 → <U|(> A1 <G|)>,
  A1 → <U|(> A1 <U|)>,
  A1 → <U|.>,
  A1 → A0,
  A1 → A1 A0
  start symbol: A1
}
011111000100011001010111100110000110110100110110101000011101101000110011010000001100000101101111010001111010000100110101100000100100101101010111001001010001001101011001010110110000100110111010000110101111110100001000010001000100001010111011000100111110011010011100011000000000110001000110011000110101100011100011000111111001001000011101000110111000101010100111
GRAMMAR IS: grammar-2NTs-6rules-5316: {
  A0 → <A|(> A0 <A|)>,
  A0 → <A|(> A0 <C|)>,
  A0 → <A|(> A0 <G|)>,
  A0 → <A|(> A0 <U|)>,
  A0 → <A|(> A1 <A|)>,
  A0 → <A|(> A1 <C|)>,
  A0 → <A|(> A1 <G|)>,
  A0 → <A|(> A1 <U|)>,
  A0 → <A|.>,
  A0 → <C|(> A0 <A|)>,
  A0 → <C|(> A0 <C|)>,
  A0 → <C|(> A0 <G|)>,
  A0 → <C|(> A0 <U|)>,
  A0 → <C|(> A1 <A|)>,
  A0 → <C|(> A1 <C|)>,
  A0 → <C|(> A1 <G|)>,
  A0 → <C|(> A1 <U|)>,
  A0 → <C|.>,
  A0 → <G|(> A0 <A|)>,
  A0 → <G|(> A0 <C|)>,
  A0 → <G|(> A0 <G|)>,
  A0 → <G|(> A0 <U|)>,
  A0 → <G|(> A1 <A|)>,
  A0 → <G|(> A1 <C|)>,
  A0 → <G|(> A1 <G|)>,
  A0 → <G|(> A1 <U|)>,
  A0 → <G|.>,
  A0 → <U|(> A0 <A|)>,
  A0 → <U|(> A0 <C|)>,
  A0 → <U|(> A0 <G|)>,
  A0 → <U|(> A0 <U|)>,
  A0 → <U|(> A1 <A|)>,
  A0 → <U|(> A1 <C|)>,
  A0 → <U|(> A1 <G|)>,
  A0 → <U|(> A1 <U|)>,
  A0 → <U|.>,
  A1 → <A|(> A1 <A|)>,
  A1 → <A|(> A1 <C|)>,
  A1 → <A|(> A1 <G|)>,
  A1 → <A|(> A1 <U|)>,
  A1 → <C|(> A1 <A|)>,
  A1 → <C|(> A1 <C|)>,
  A1 → <C|(> A1 <G|)>,
  A1 → <C|(> A1 <U|)>,
  A1 → <G|(> A1 <A|)>,
  A1 → <G|(> A1 <C|)>,
  A1 → <G|(> A1 <G|)>,
  A1 → <G|(> A1 <U|)>,
  A1 → <U|(> A1 <A|)>,
  A1 → <U|(> A1 <C|)>,
  A1 → <U|(> A1 <G|)>,
  A1 → <U|(> A1 <U|)>,
  A1 → A0,
  A1 → A1 A0
  start symbol: A1
}
100001111000011111001010011111110001100001001011000001100011000011001011010000011111001001101000111100111011110001001100110101101110100010111101110111101011111110000001010010101101100110111010111010001100000010011001100110110100010011100100010010000010110100100000110101111010011101110101110010000001100001011111101111011101110100101001010010010101100000111000001010001011000010110010001100111011010101001001000001011010110100001010111101010110000001101010111001011011100101100101010001100101010001011010100101101001010011101101011100100100111000110001011101010001110000001001110110001001000000110111011110111011111011000001000100010000100110010100000110001000110100110101010001001010011010010110001000010000111101010110000110111110010011100001101100000110000000100100001000100101011011110110101011110011111001111111101001001110010100110001010111101111010111001010011110010110111101101101110001011011101000111110110001010001000011100000001000010110110011100010001011011010101
GRAMMAR IS: grammar-2NTs-5rules-2571: {
  A0 → <A|(> A1 <A|)>,
  A0 → <A|(> A1 <C|)>,
  A0 → <A|(> A1 <G|)>,
  A0 → <A|(> A1 <U|)>,
  A0 → <A|.>,
  A0 → <C|(> A1 <A|)>,
  A0 → <C|(> A1 <C|)>,
  A0 → <C|(> A1 <G|)>,
  A0 → <C|(> A1 <U|)>,
  A0 → <C|.>,
  A0 → <G|(> A1 <A|)>,
  A0 → <G|(> A1 <C|)>,
  A0 → <G|(> A1 <G|)>,
  A0 → <G|(> A1 <U|)>,
  A0 → <G|.>,
  A0 → <U|(> A1 <A|)>,
  A0 → <U|(> A1 <C|)>,
  A0 → <U|(> A1 <G|)>,
  A0 → <U|(> A1 <U|)>,
  A0 → <U|.>,
  A1 → <A|(> A1 <A|)>,
  A1 → <A|(> A1 <C|)>,
  A1 → <A|(> A1 <G|)>,
  A1 → <A|(> A1 <U|)>,
  A1 → <A|.>,
  A1 → <C|(> A1 <A|)>,
  A1 → <C|(> A1 <C|)>,
  A1 → <C|(> A1 <G|)>,
  A1 → <C|(> A1 <U|)>,
  A1 → <C|.>,
  A1 → <G|(> A1 <A|)>,
  A1 → <G|(> A1 <C|)>,
  A1 → <G|(> A1 <G|)>,
  A1 → <G|(> A1 <U|)>,
  A1 → <G|.>,
  A1 → <U|(> A1 <A|)>,
  A1 → <U|(> A1 <C|)>,
  A1 → <U|(> A1 <G|)>,
  A1 → <U|(> A1 <U|)>,
  A1 → <U|.>,
  A1 → A0 A1
  start symbol: A1
}
00101100001011010011111111100110000010100110001001001100101101001101011011010010011101010010000100101100010000111111011011000100110010011011010010100111000110101001001011110100111111110010000110101011000001010000100100000001001110000100110010000110011011001100101001000101011000000111000011001001110110000111001101011000111101111100100111010001100011101101001010111101010100
GRAMMAR IS: grammar-2NTs-5rules-2571: {
  A0 → <A|(> A1 <A|)>,
  A0 → <A|(> A1 <C|)>,
  A0 → <A|(> A1 <G|)>,
  A0 → <A|(> A1 <U|)>,
  A0 → <A|.>,
  A0 → <C|(> A1 <A|)>,
  A0 → <C|(> A1 <C|)>,
  A0 → <C|(> A1 <G|)>,
  A0 → <C|(> A1 <U|)>,
  A0 → <C|.>,
  A0 → <G|(> A1 <A|)>,
  A0 → <G|(> A1 <C|)>,
  A0 → <G|(> A1 <G|)>,
  A0 → <G|(> A1 <U|)>,
  A0 → <G|.>,
  A0 → <U|(> A1 <A|)>,
  A0 → <U|(> A1 <C|)>,
  A0 → <U|(> A1 <G|)>,
  A0 → <U|(> A1 <U|)>,
  A0 → <U|.>,
  A1 → <A|(> A1 <A|)>,
  A1 → <A|(> A1 <C|)>,
  A1 → <A|(> A1 <G|)>,
  A1 → <A|(> A1 <U|)>,
  A1 → <A|.>,
  A1 → <C|(> A1 <A|)>,
  A1 → <C|(> A1 <C|)>,
  A1 → <C|(> A1 <G|)>,
  A1 → <C|(> A1 <U|)>,
  A1 → <C|.>,
  A1 → <G|(> A1 <A|)>,
  A1 → <G|(> A1 <C|)>,
  A1 → <G|(> A1 <G|)>,
  A1 → <G|(> A1 <U|)>,
  A1 → <G|.>,
  A1 → <U|(> A1 <A|)>,
  A1 → <U|(> A1 <C|)>,
  A1 → <U|(> A1 <G|)>,
  A1 → <U|(> A1 <U|)>,
  A1 → <U|.>,
  A1 → A0 A1
  start symbol: A1
}
1000101101000010110001100011110110100010110000001101011001001000001010111100011101011110011100001101000010110101100001101111110100001010100001001010010011100011100111010110100111011000001110010011110100001111000111100111011011000101000110010010000001111100000100101010001111111111100001100110100010010101001010100100010000110001110111100000011111000011011011001010101011101000011110010100011011
GRAMMAR IS: grammar-2NTs-7rules-12616: {
  A0 → <A|(> A1 <A|)>,
  A0 → <A|(> A1 <C|)>,
  A0 → <A|(> A1 <G|)>,
  A0 → <A|(> A1 <U|)>,
  A0 → <A|.>,
  A0 → <C|(> A1 <A|)>,
  A0 → <C|(> A1 <C|)>,
  A0 → <C|(> A1 <G|)>,
  A0 → <C|(> A1 <U|)>,
  A0 → <C|.>,
  A0 → <G|(> A1 <A|)>,
  A0 → <G|(> A1 <C|)>,
  A0 → <G|(> A1 <G|)>,
  A0 → <G|(> A1 <U|)>,
  A0 → <G|.>,
  A0 → <U|(> A1 <A|)>,
  A0 → <U|(> A1 <C|)>,
  A0 → <U|(> A1 <G|)>,
  A0 → <U|(> A1 <U|)>,
  A0 → <U|.>,
  A1 → <A|(> A1 <A|)>,
  A1 → <A|(> A1 <C|)>,
  A1 → <A|(> A1 <G|)>,
  A1 → <A|(> A1 <U|)>,
  A1 → <C|(> A1 <A|)>,
  A1 → <C|(> A1 <C|)>,
  A1 → <C|(> A1 <G|)>,
  A1 → <C|(> A1 <U|)>,
  A1 → <G|(> A1 <A|)>,
  A1 → <G|(> A1 <C|)>,
  A1 → <G|(> A1 <G|)>,
  A1 → <G|(> A1 <U|)>,
  A1 → <U|(> A1 <A|)>,
  A1 → <U|(> A1 <C|)>,
  A1 → <U|(> A1 <G|)>,
  A1 → <U|(> A1 <U|)>,
  A1 → A0,
  A1 → A0 A0,
  A1 → A0 A1,
  A1 → A1 A0
  start symbol: A1
}
10011111101011010010010110011011110001101010001000110111010111010101101010011001001010110111100101100110010111110010001110110110100101111001001001011001100100010110001100101100110001001101100000100001001001010001000000100001010000000110011000100100010100010110100001100111000011011111111001111001110001000011011110100011000000100011000011011100011100111110011001100011110100111101100111101001011010
GRAMMAR IS: grammar-2NTs-6rules-5316: {
  A0 → <A|(> A0 <A|)>,
  A0 → <A|(> A0 <C|)>,
  A0 → <A|(> A0 <G|)>,
  A0 → <A|(> A0 <U|)>,
  A0 → <A|(> A1 <A|)>,
  A0 → <A|(> A1 <C|)>,
  A0 → <A|(> A1 <G|)>,
  A0 → <A|(> A1 <U|)>,
  A0 → <A|.>,
  A0 → <C|(> A0 <A|)>,
  A0 → <C|(> A0 <C|)>,
  A0 → <C|(> A0 <G|)>,
  A0 → <C|(> A0 <U|)>,
  A0 → <C|(> A1 <A|)>,
  A0 → <C|(> A1 <C|)>,
  A0 → <C|(> A1 <G|)>,
  A0 → <C|(> A1 <U|)>,
  A0 → <C|.>,
  A0 → <G|(> A0 <A|)>,
  A0 → <G|(> A0 <C|)>,
  A0 → <G|(> A0 <G|)>,
  A0 → <G|(> A0 <U|)>,
  A0 → <G|(> A1 <A|)>,
  A0 → <G|(> A1 <C|)>,
  A0 → <G|(> A1 <G|)>,
  A0 → <G|(> A1 <U|)>,
  A0 → <G|.>,
  A0 → <U|(> A0 <A|)>,
  A0 → <U|(> A0 <C|)>,
  A0 → <U|(> A0 <G|)>,
  A0 → <U|(> A0 <U|)>,
  A0 → <U|(> A1 <A|)>,
  A0 → <U|(> A1 <C|)>,
  A0 → <U|(> A1 <G|)>,
  A0 → <U|(> A1 <U|)>,
  A0 → <U|.>,
  A1 → <A|(> A1 <A|)>,
  A1 → <A|(> A1 <C|)>,
  A1 → <A|(> A1 <G|)>,
  A1 → <A|(> A1 <U|)>,
  A1 → <C|(> A1 <A|)>,
  A1 → <C|(> A1 <C|)>,
  A1 → <C|(> A1 <G|)>,
  A1 → <C|(> A1 <U|)>,
  A1 → <G|(> A1 <A|)>,
  A1 → <G|(> A1 <C|)>,
  A1 → <G|(> A1 <G|)>,
  A1 → <G|(> A1 <U|)>,
  A1 → <U|(> A1 <A|)>,
  A1 → <U|(> A1 <C|)>,
  A1 → <U|(> A1 <G|)>,
  A1 → <U|(> A1 <U|)>,
  A1 → A0,
  A1 → A1 A0
  start symbol: A1
}
10000111100001110100100110100010010011100110000011100011111010110001100001010111000101111101110110110001111000000011011011001101100110000001110001010101101010000011100110010011100111101111110011100011000010111011110011001011101101000101111100010000011110100111010000111100001101000110111111111000100011110001011111100101010011111110010100001101110111011101010001010010011110111000010101100001010001000101111011011100111110001011100
GRAMMAR IS: grammar-2NTs-6rules-5291: {
  A0 → <A|(> A0 <A|)>,
  A0 → <A|(> A0 <C|)>,
  A0 → <A|(> A0 <G|)>,
  A0 → <A|(> A0 <U|)>,
  A0 → <A|(> A1 <A|)>,
  A0 → <A|(> A1 <C|)>,
  A0 → <A|(> A1 <G|)>,
  A0 → <A|(> A1 <U|)>,
  A0 → <A|.>,
  A0 → <C|(> A0 <A|)>,
  A0 → <C|(> A0 <C|)>,
  A0 → <C|(> A0 <G|)>,
  A0 → <C|(> A0 <U|)>,
  A0 → <C|(> A1 <A|)>,
  A0 → <C|(> A1 <C|)>,
  A0 → <C|(> A1 <G|)>,
  A0 → <C|(> A1 <U|)>,
  A0 → <C|.>,
  A0 → <G|(> A0 <A|)>,
  A0 → <G|(> A0 <C|)>,
  A0 → <G|(> A0 <G|)>,
  A0 → <G|(> A0 <U|)>,
  A0 → <G|(> A1 <A|)>,
  A0 → <G|(> A1 <C|)>,
  A0 → <G|(> A1 <G|)>,
  A0 → <G|(> A1 <U|)>,
  A0 → <G|.>,
  A0 → <U|(> A0 <A|)>,
  A0 → <U|(> A0 <C|)>,
  A0 → <U|(> A0 <G|)>,
  A0 → <U|(> A0 <U|)>,
  A0 → <U|(> A1 <A|)>,
  A0 → <U|(> A1 <C|)>,
  A0 → <U|(> A1 <G|)>,
  A0 → <U|(> A1 <U|)>,
  A0 → <U|.>,
  A1 → <A|(> A1 <A|)>,
  A1 → <A|(> A1 <C|)>,
  A1 → <A|(> A1 <G|)>,
  A1 → <A|(> A1 <U|)>,
  A1 → <A|.>,
  A1 → <C|(> A1 <A|)>,
  A1 → <C|(> A1 <C|)>,
  A1 → <C|(> A1 <G|)>,
  A1 → <C|(> A1 <U|)>,
  A1 → <C|.>,
  A1 → <G|(> A1 <A|)>,
  A1 → <G|(> A1 <C|)>,
  A1 → <G|(> A1 <G|)>,
  A1 → <G|(> A1 <U|)>,
  A1 → <G|.>,
  A1 → <U|(> A1 <A|)>,
  A1 → <U|(> A1 <C|)>,
  A1 → <U|(> A1 <G|)>,
  A1 → <U|(> A1 <U|)>,
  A1 → <U|.>,
  A1 → A1 A0
  start symbol: A1
}
0111111111111111111111111111111110001110111001000010010010011110101110001111100001101011111100001000110011010000110011011001101100010100011011000111111110010100100101101010100011101100101101001011001000
GRAMMAR IS: grammar-2NTs-6rules-5291: {
  A0 → <A|(> A0 <A|)>,
  A0 → <A|(> A0 <C|)>,
  A0 → <A|(> A0 <G|)>,
  A0 → <A|(> A0 <U|)>,
  A0 → <A|(> A1 <A|)>,
  A0 → <A|(> A1 <C|)>,
  A0 → <A|(> A1 <G|)>,
  A0 → <A|(> A1 <U|)>,
  A0 → <A|.>,
  A0 → <C|(> A0 <A|)>,
  A0 → <C|(> A0 <C|)>,
  A0 → <C|(> A0 <G|)>,
  A0 → <C|(> A0 <U|)>,
  A0 → <C|(> A1 <A|)>,
  A0 → <C|(> A1 <C|)>,
  A0 → <C|(> A1 <G|)>,
  A0 → <C|(> A1 <U|)>,
  A0 → <C|.>,
  A0 → <G|(> A0 <A|)>,
  A0 → <G|(> A0 <C|)>,
  A0 → <G|(> A0 <G|)>,
  A0 → <G|(> A0 <U|)>,
  A0 → <G|(> A1 <A|)>,
  A0 → <G|(> A1 <C|)>,
  A0 → <G|(> A1 <G|)>,
  A0 → <G|(> A1 <U|)>,
  A0 → <G|.>,
  A0 → <U|(> A0 <A|)>,
  A0 → <U|(> A0 <C|)>,
  A0 → <U|(> A0 <G|)>,
  A0 → <U|(> A0 <U|)>,
  A0 → <U|(> A1 <A|)>,
  A0 → <U|(> A1 <C|)>,
  A0 → <U|(> A1 <G|)>,
  A0 → <U|(> A1 <U|)>,
  A0 → <U|.>,
  A1 → <A|(> A1 <A|)>,
  A1 → <A|(> A1 <C|)>,
  A1 → <A|(> A1 <G|)>,
  A1 → <A|(> A1 <U|)>,
  A1 → <A|.>,
  A1 → <C|(> A1 <A|)>,
  A1 → <C|(> A1 <C|)>,
  A1 → <C|(> A1 <G|)>,
  A1 → <C|(> A1 <U|)>,
  A1 → <C|.>,
  A1 → <G|(> A1 <A|)>,
  A1 → <G|(> A1 <C|)>,
  A1 → <G|(> A1 <G|)>,
  A1 → <G|(> A1 <U|)>,
  A1 → <G|.>,
  A1 → <U|(> A1 <A|)>,
  A1 → <U|(> A1 <C|)>,
  A1 → <U|(> A1 <G|)>,
  A1 → <U|(> A1 <U|)>,
  A1 → <U|.>,
  A1 → A1 A0
  start symbol: A1
}
101100110010111111000000010000001010000001001111100101110100111101001001001110110001001101011111011111110010001111001000010100000100011001111011110000100001011100011100000011111010100000011000100001110111011111001100100101010110000011110011101111111001110000110101110000101111010010100010000101101111101010101000101011110011000110100110011101010101100000011101101111110001001111
GRAMMAR IS: grammar-2NTs-7rules-12616: {
  A0 → <A|(> A1 <A|)>,
  A0 → <A|(> A1 <C|)>,
  A0 → <A|(> A1 <G|)>,
  A0 → <A|(> A1 <U|)>,
  A0 → <A|.>,
  A0 → <C|(> A1 <A|)>,
  A0 → <C|(> A1 <C|)>,
  A0 → <C|(> A1 <G|)>,
  A0 → <C|(> A1 <U|)>,
  A0 → <C|.>,
  A0 → <G|(> A1 <A|)>,
  A0 → <G|(> A1 <C|)>,
  A0 → <G|(> A1 <G|)>,
  A0 → <G|(> A1 <U|)>,
  A0 → <G|.>,
  A0 → <U|(> A1 <A|)>,
  A0 → <U|(> A1 <C|)>,
  A0 → <U|(> A1 <G|)>,
  A0 → <U|(> A1 <U|)>,
  A0 → <U|.>,
  A1 → <A|(> A1 <A|)>,
  A1 → <A|(> A1 <C|)>,
  A1 → <A|(> A1 <G|)>,
  A1 → <A|(> A1 <U|)>,
  A1 → <C|(> A1 <A|)>,
  A1 → <C|(> A1 <C|)>,
  A1 → <C|(> A1 <G|)>,
  A1 → <C|(> A1 <U|)>,
  A1 → <G|(> A1 <A|)>,
  A1 → <G|(> A1 <C|)>,
  A1 → <G|(> A1 <G|)>,
  A1 → <G|(> A1 <U|)>,
  A1 → <U|(> A1 <A|)>,
  A1 → <U|(> A1 <C|)>,
  A1 → <U|(> A1 <G|)>,
  A1 → <U|(> A1 <U|)>,
  A1 → A0,
  A1 → A0 A0,
  A1 → A0 A1,
  A1 → A1 A0
  start symbol: A1
}
001011110110010101110101101110010001111011001111011000111001110001000101011110100000011010011111000000011101000001110010011101011111010011111000011111100101101110111001100110110010010110101111010000010110001010000101100010010110000110000010101001000101001100010001101111111100010110010111000011101101000000111111001010011110010101111111000101010010011110111000010010111100
GRAMMAR IS: grammar-2NTs-6rules-5291: {
  A0 → <A|(> A0 <A|)>,
  A0 → <A|(> A0 <C|)>,
  A0 → <A|(> A0 <G|)>,
  A0 → <A|(> A0 <U|)>,
  A0 → <A|(> A1 <A|)>,
  A0 → <A|(> A1 <C|)>,
  A0 → <A|(> A1 <G|)>,
  A0 → <A|(> A1 <U|)>,
  A0 → <A|.>,
  A0 → <C|(> A0 <A|)>,
  A0 → <C|(> A0 <C|)>,
  A0 → <C|(> A0 <G|)>,
  A0 → <C|(> A0 <U|)>,
  A0 → <C|(> A1 <A|)>,
  A0 → <C|(> A1 <C|)>,
  A0 → <C|(> A1 <G|)>,
  A0 → <C|(> A1 <U|)>,
  A0 → <C|.>,
  A0 → <G|(> A0 <A|)>,
  A0 → <G|(> A0 <C|)>,
  A0 → <G|(> A0 <G|)>,
  A0 → <G|(> A0 <U|)>,
  A0 → <G|(> A1 <A|)>,
  A0 → <G|(> A1 <C|)>,
  A0 → <G|(> A1 <G|)>,
  A0 → <G|(> A1 <U|)>,
  A0 → <G|.>,
  A0 → <U|(> A0 <A|)>,
  A0 → <U|(> A0 <C|)>,
  A0 → <U|(> A0 <G|)>,
  A0 → <U|(> A0 <U|)>,
  A0 → <U|(> A1 <A|)>,
  A0 → <U|(> A1 <C|)>,
  A0 → <U|(> A1 <G|)>,
  A0 → <U|(> A1 <U|)>,
  A0 → <U|.>,
  A1 → <A|(> A1 <A|)>,
  A1 → <A|(> A1 <C|)>,
  A1 → <A|(> A1 <G|)>,
  A1 → <A|(> A1 <U|)>,
  A1 → <A|.>,
  A1 → <C|(> A1 <A|)>,
  A1 → <C|(> A1 <C|)>,
  A1 → <C|(> A1 <G|)>,
  A1 → <C|(> A1 <U|)>,
  A1 → <C|.>,
  A1 → <G|(> A1 <A|)>,
  A1 → <G|(> A1 <C|)>,
  A1 → <G|(> A1 <G|)>,
  A1 → <G|(> A1 <U|)>,
  A1 → <G|.>,
  A1 → <U|(> A1 <A|)>,
  A1 → <U|(> A1 <C|)>,
  A1 → <U|(> A1 <G|)>,
  A1 → <U|(> A1 <U|)>,
  A1 → <U|.>,
  A1 → A1 A0
  start symbol: A1
}
011111111111111111100101101100110101100101101110110101110010010010010101000110111011011001101010111010101111101101000110011111110011110001010000011001010000010010000000010001100110011010111011111111000111001001010010111100111110010001010111010101100100010000001000001011101100111001100110101111100001001111011111000111110000001110111101001100101001010010000110101111101101111101010101100100001111111111110011111001111011101010
GRAMMAR IS: grammar-2NTs-6rules-6562: {
  A0 → <A|(> A1 <A|)>,
  A0 → <A|(> A1 <C|)>,
  A0 → <A|(> A1 <G|)>,
  A0 → <A|(> A1 <U|)>,
  A0 → <A|.>,
  A0 → <C|(> A1 <A|)>,
  A0 → <C|(> A1 <C|)>,
  A0 → <C|(> A1 <G|)>,
  A0 → <C|(> A1 <U|)>,
  A0 → <C|.>,
  A0 → <G|(> A1 <A|)>,
  A0 → <G|(> A1 <C|)>,
  A0 → <G|(> A1 <G|)>,
  A0 → <G|(> A1 <U|)>,
  A0 → <G|.>,
  A0 → <U|(> A1 <A|)>,
  A0 → <U|(> A1 <C|)>,
  A0 → <U|(> A1 <G|)>,
  A0 → <U|(> A1 <U|)>,
  A0 → <U|.>,
  A1 → <A|(> A1 <A|)>,
  A1 → <A|(> A1 <C|)>,
  A1 → <A|(> A1 <G|)>,
  A1 → <A|(> A1 <U|)>,
  A1 → <C|(> A1 <A|)>,
  A1 → <C|(> A1 <C|)>,
  A1 → <C|(> A1 <G|)>,
  A1 → <C|(> A1 <U|)>,
  A1 → <G|(> A1 <A|)>,
  A1 → <G|(> A1 <C|)>,
  A1 → <G|(> A1 <G|)>,
  A1 → <G|(> A1 <U|)>,
  A1 → <U|(> A1 <A|)>,
  A1 → <U|(> A1 <C|)>,
  A1 → <U|(> A1 <G|)>,
  A1 → <U|(> A1 <U|)>,
  A1 → A0,
  A1 → A0 A0,
  A1 → A1 A0
  start symbol: A1
}
1000111000111000011101111010000011100111101001101011111101011111001100111110100100101000110111100011001001011101100001101100111110001011111010111110101011100101100110101100000010000110110010101011110100000110110011100100100111001011001111001110011101010111010010100111000010010011100011101010000010101000000010000100011001110010110111111001001000100101000010100101101101100110011100001101011100111001000101010001
GRAMMAR IS: grammar-2NTs-6rules-5316: {
  A0 → <A|(> A0 <A|)>,
  A0 → <A|(> A0 <C|)>,
  A0 → <A|(> A0 <G|)>,
  A0 → <A|(> A0 <U|)>,
  A0 → <A|(> A1 <A|)>,
  A0 → <A|(> A1 <C|)>,
  A0 → <A|(> A1 <G|)>,
  A0 → <A|(> A1 <U|)>,
  A0 → <A|.>,
  A0 → <C|(> A0 <A|)>,
  A0 → <C|(> A0 <C|)>,
  A0 → <C|(> A0 <G|)>,
  A0 → <C|(> A0 <U|)>,
  A0 → <C|(> A1 <A|)>,
  A0 → <C|(> A1 <C|)>,
  A0 → <C|(> A1 <G|)>,
  A0 → <C|(> A1 <U|)>,
  A0 → <C|.>,
  A0 → <G|(> A0 <A|)>,
  A0 → <G|(> A0 <C|)>,
  A0 → <G|(> A0 <G|)>,
  A0 → <G|(> A0 <U|)>,
  A0 → <G|(> A1 <A|)>,
  A0 → <G|(> A1 <C|)>,
  A0 → <G|(> A1 <G|)>,
  A0 → <G|(> A1 <U|)>,
  A0 → <G|.>,
  A0 → <U|(> A0 <A|)>,
  A0 → <U|(> A0 <C|)>,
  A0 → <U|(> A0 <G|)>,
  A0 → <U|(> A0 <U|)>,
  A0 → <U|(> A1 <A|)>,
  A0 → <U|(> A1 <C|)>,
  A0 → <U|(> A1 <G|)>,
  A0 → <U|(> A1 <U|)>,
  A0 → <U|.>,
  A1 → <A|(> A1 <A|)>,
  A1 → <A|(> A1 <C|)>,
  A1 → <A|(> A1 <G|)>,
  A1 → <A|(> A1 <U|)>,
  A1 → <C|(> A1 <A|)>,
  A1 → <C|(> A1 <C|)>,
  A1 → <C|(> A1 <G|)>,
  A1 → <C|(> A1 <U|)>,
  A1 → <G|(> A1 <A|)>,
  A1 → <G|(> A1 <C|)>,
  A1 → <G|(> A1 <G|)>,
  A1 → <G|(> A1 <U|)>,
  A1 → <U|(> A1 <A|)>,
  A1 → <U|(> A1 <C|)>,
  A1 → <U|(> A1 <G|)>,
  A1 → <U|(> A1 <U|)>,
  A1 → A0,
  A1 → A1 A0
  start symbol: A1
}
10000111101111111101101100101011010111001100100101001011011010100011011011111001010100101010100111111001100110010000100110111100101101011110101101100010101000111011110111101101010111001010011001011111000100000111010111000101110101001100011000101011010110110001010010010100010010100000110101110010011000001010100101101110001001000011110010011011101100100011111101011111110111100001000110011101010100010110101011000110111
GRAMMAR IS: grammar-2NTs-7rules-12616: {
  A0 → <A|(> A1 <A|)>,
  A0 → <A|(> A1 <C|)>,
  A0 → <A|(> A1 <G|)>,
  A0 → <A|(> A1 <U|)>,
  A0 → <A|.>,
  A0 → <C|(> A1 <A|)>,
  A0 → <C|(> A1 <C|)>,
  A0 → <C|(> A1 <G|)>,
  A0 → <C|(> A1 <U|)>,
  A0 → <C|.>,
  A0 → <G|(> A1 <A|)>,
  A0 → <G|(> A1 <C|)>,
  A0 → <G|(> A1 <G|)>,
  A0 → <G|(> A1 <U|)>,
  A0 → <G|.>,
  A0 → <U|(> A1 <A|)>,
  A0 → <U|(> A1 <C|)>,
  A0 → <U|(> A1 <G|)>,
  A0 → <U|(> A1 <U|)>,
  A0 → <U|.>,
  A1 → <A|(> A1 <A|)>,
  A1 → <A|(> A1 <C|)>,
  A1 → <A|(> A1 <G|)>,
  A1 → <A|(> A1 <U|)>,
  A1 → <C|(> A1 <A|)>,
  A1 → <C|(> A1 <C|)>,
  A1 → <C|(> A1 <G|)>,
  A1 → <C|(> A1 <U|)>,
  A1 → <G|(> A1 <A|)>,
  A1 → <G|(> A1 <C|)>,
  A1 → <G|(> A1 <G|)>,
  A1 → <G|(> A1 <U|)>,
  A1 → <U|(> A1 <A|)>,
  A1 → <U|(> A1 <C|)>,
  A1 → <U|(> A1 <G|)>,
  A1 → <U|(> A1 <U|)>,
  A1 → A0,
  A1 → A0 A0,
  A1 → A0 A1,
  A1 → A1 A0
  start symbol: A1
}
011110110010010010101010011000100111011100101000111100101000101111000100001000011010001111100110001010111001110111000001110010101110000101111010110111010110011011010110001101001111111111011111111100111101001010001110010110111000100011110001111000010111011000000000010010100001110111001111101011100111101000011000111001001011110101001001100111100111010010000111111000000000101100000100110011101110000000100011
GRAMMAR IS: grammar-2NTs-6rules-6562: {
  A0 → <A|(> A1 <A|)>,
  A0 → <A|(> A1 <C|)>,
  A0 → <A|(> A1 <G|)>,
  A0 → <A|(> A1 <U|)>,
  A0 → <A|.>,
  A0 → <C|(> A1 <A|)>,
  A0 → <C|(> A1 <C|)>,
  A0 → <C|(> A1 <G|)>,
  A0 → <C|(> A1 <U|)>,
  A0 → <C|.>,
  A0 → <G|(> A1 <A|)>,
  A0 → <G|(> A1 <C|)>,
  A0 → <G|(> A1 <G|)>,
  A0 → <G|(> A1 <U|)>,
  A0 → <G|.>,
  A0 → <U|(> A1 <A|)>,
  A0 → <U|(> A1 <C|)>,
  A0 → <U|(> A1 <G|)>,
  A0 → <U|(> A1 <U|)>,
  A0 → <U|.>,
  A1 → <A|(> A1 <A|)>,
  A1 → <A|(> A1 <C|)>,
  A1 → <A|(> A1 <G|)>,
  A1 → <A|(> A1 <U|)>,
  A1 → <C|(> A1 <A|)>,
  A1 → <C|(> A1 <C|)>,
  A1 → <C|(> A1 <G|)>,
  A1 → <C|(> A1 <U|)>,
  A1 → <G|(> A1 <A|)>,
  A1 → <G|(> A1 <C|)>,
  A1 → <G|(> A1 <G|)>,
  A1 → <G|(> A1 <U|)>,
  A1 → <U|(> A1 <A|)>,
  A1 → <U|(> A1 <C|)>,
  A1 → <U|(> A1 <G|)>,
  A1 → <U|(> A1 <U|)>,
  A1 → A0,
  A1 → A0 A0,
  A1 → A1 A0
  start symbol: A1
}
1001101100110110111100101011111010100011110101011010010010001101110100000010111001110101101110011010000011000110100101011111111100010001110010011000110100010010001000011100011011011110000110010011010101001111000010011011001101000110000100011100101110000101011010101111111111110100101101101000110010111101100100010100011101001111101100000101111110101011001110110101101100011101101001000011111110
]]></system-out>
  <system-err><![CDATA[]]></system-err>
</testsuite>
