<?xml version="1.0" encoding="UTF-8"?>
<testsuite name="compression.parser.CYKParserTest" tests="2" skipped="0" failures="0" errors="0" timestamp="2025-12-29T18:29:58.337Z" hostname="DESKTOP-8C447QA" time="0.002">
  <properties/>
  <testcase name="testCYKParserDerivationToWord" classname="compression.parser.CYKParserTest" time="0.001"/>
  <testcase name="testCYKParserLeftMostDerivation" classname="compression.parser.CYKParserTest" time="0.001"/>
  <system-out><![CDATA[size of n is:4
{A=2, B=3, S=1, C=4, D=5, F=6, O=7}
[A → S B, B → C S, S → O A, S → O D, C → ), F → ., O → (, S → ., S → F S, D → S C]
1
1
true
1
1
true
1
1
1
true
1
1
1
true
1
1
true
1
true
1
1
1
Entered the innermost loop
Entered the innermost loop
Entered the innermost loop
Got here!!!!!!!!!!!!
size of n is:4
{A=2, B=3, S=1, C=4, D=5, F=6, O=7}
[A → S B, B → C S, S → O A, S → O D, C → ), F → ., O → (, S → ., S → F S, D → S C]
1
1
true
1
1
true
1
1
1
true
1
1
1
true
1
1
true
1
true
1
1
1
Entered the innermost loop
Entered the innermost loop
Entered the innermost loop
Got here!!!!!!!!!!!!
]]></system-out>
  <system-err><![CDATA[]]></system-err>
</testsuite>
