<?xml version="1.0" encoding="UTF-8"?>
<testsuite name="compression.coding.BigDecimalIntervalTest" tests="3" skipped="0" failures="0" errors="0" timestamp="2025-12-29T18:29:58.312Z" hostname="DESKTOP-8C447QA" time="0.002">
  <properties/>
  <testcase name="testBinaryToDecimal" classname="compression.coding.BigDecimalIntervalTest" time="0.001"/>
  <testcase name="bigDecimalToBinary" classname="compression.coding.BigDecimalIntervalTest" time="0.0"/>
  <testcase name="testGetInterval" classname="compression.coding.BigDecimalIntervalTest" time="0.001"/>
  <system-out><![CDATA[]]></system-out>
  <system-err><![CDATA[]]></system-err>
</testsuite>
