<?xml version="1.0" encoding="UTF-8"?>
<testsuite name="BigDecimalTest" tests="4" skipped="0" failures="0" errors="0" timestamp="2025-12-29T18:29:37.866Z" hostname="DESKTOP-8C447QA" time="0.004">
  <properties/>
  <testcase name="testBinaryToDecimal" classname="BigDecimalTest" time="0.002"/>
  <testcase name="bigDecimalToBinaryTooFew" classname="BigDecimalTest" time="0.001"/>
  <testcase name="bigDecimalToBinary" classname="BigDecimalTest" time="0.0"/>
  <testcase name="testGetInterval" classname="BigDecimalTest" time="0.001"/>
  <system-out><![CDATA[]]></system-out>
  <system-err><![CDATA[]]></system-err>
</testsuite>
